<?xml version="1.0" encoding="UTF-8"?>
<testng-results skipped="0" failed="0" ignored="0" total="1" passed="1">
  <reporter-output>
  </reporter-output>
  <suite name="Suite" duration-ms="103942" started-at="2021-04-25T13:27:21Z" finished-at="2021-04-25T13:29:05Z">
    <groups>
    </groups>
    <test name="Test" duration-ms="103942" started-at="2021-04-25T13:27:21Z" finished-at="2021-04-25T13:29:05Z">
      <class name="org.fb.Login">
        <test-method status="PASS" signature="tc0(java.lang.String, java.lang.String)[pri:0, instance:org.fb.Login@cc285f4]" name="tc0" duration-ms="103818" started-at="2021-04-25T13:27:21Z" finished-at="2021-04-25T13:29:05Z">
          <params>
            <param index="0">
              <value>
                <![CDATA[christy]]>
              </value>
            </param>
            <param index="1">
              <value>
                <![CDATA[1234]]>
              </value>
            </param>
          </params>
          <reporter-output>
          </reporter-output>
        </test-method> <!-- tc0 -->
      </class> <!-- org.fb.Login -->
    </test> <!-- Test -->
  </suite> <!-- Suite -->
</testng-results>
